<?xml version="1.0" encoding="UTF-8"?>
<!-- Generated by org.testng.reporters.JUnitReportReporter -->
<testsuite skipped="0" hostname="ip-172-31-10-106" name="restAPI.PostRequest" tests="1" failures="0" timestamp="22 Mar 2021 06:38:48 GMT" time="1.455" errors="0">
  <testcase name="test2" time="1.455" classname="restAPI.PostRequest"/>
</testsuite> <!-- restAPI.PostRequest -->
