<?xml version="1.0" encoding="UTF-8"?>
<!-- Generated by org.testng.reporters.JUnitReportReporter -->
<testsuite skipped="0" hostname="ip-172-31-10-106" name="restAPI.GetRequest" tests="1" failures="0" timestamp="22 Mar 2021 06:31:21 GMT" time="1.132" errors="0">
  <testcase name="test1" time="1.132" classname="restAPI.GetRequest"/>
</testsuite> <!-- restAPI.GetRequest -->
